2026-05-06 16:43:08,922 | INFO | NumExpr defaulting to 8 threads.
2026-05-06 16:43:27,184 | INFO | ============================================================
2026-05-06 16:43:27,184 | INFO |    AgroVision MLOps Pipeline Starting
2026-05-06 16:43:27,185 | INFO | ============================================================
2026-05-06 16:43:27,185 | INFO | 
============================================================
2026-05-06 16:43:27,185 | INFO |   STAGE: INGEST
2026-05-06 16:43:27,185 | INFO | ============================================================
2026-05-06 16:43:27,185 | INFO | Scanning dataset at: /content/drive/MyDrive/DSCI591_Group_2/Raw_Data/CCMT_Dataset
2026-05-06 16:43:29,023 | INFO | Total images : 0
2026-05-06 16:43:29,023 | ERROR | Stage [ingest] FAILED: 'DataFrame' object has no attribute 'label'
2026-05-06 16:43:29,024 | ERROR | Fix the error and re-run — completed stages will be skipped
2026-05-06 16:56:38,516 | INFO | NumExpr defaulting to 8 threads.
2026-05-06 16:56:44,447 | INFO | ============================================================
2026-05-06 16:56:44,448 | INFO |    AgroVision MLOps Pipeline Starting
2026-05-06 16:56:44,448 | INFO | ============================================================
2026-05-06 16:56:44,448 | INFO | 
============================================================
2026-05-06 16:56:44,448 | INFO |   STAGE: INGEST
2026-05-06 16:56:44,448 | INFO | ============================================================
2026-05-06 16:56:44,448 | INFO | Scanning dataset at: /content/drive/MyDrive/DSCI591_Group_2/Raw_Data/CCMT_Dataset
2026-05-06 16:56:45,200 | INFO | Total images : 25169
2026-05-06 16:56:45,208 | INFO | Total classes: 18
2026-05-06 16:56:45,208 | INFO | Manifest saved → output/manifest.csv
2026-05-06 16:56:45,218 | INFO | Stage [ingest] done in 0.8s
2026-05-06 16:56:45,219 | INFO | 
============================================================
2026-05-06 16:56:45,219 | INFO |   STAGE: VALIDATE
2026-05-06 16:56:45,219 | INFO | ============================================================
2026-05-06 22:58:53,935 | INFO | Validation results:
status
ok           20485
corrupt       4219
duplicate      465
2026-05-06 22:58:54,036 | INFO | Clean images: 20485 / 25169 → output/manifest_clean.csv
2026-05-06 22:58:54,041 | INFO | Stage [validate] done in 21728.8s
2026-05-06 22:58:54,042 | INFO | 
============================================================
2026-05-06 22:58:54,042 | INFO |   STAGE: PREPROCESS
2026-05-06 22:58:54,042 | INFO | ============================================================
2026-05-06 22:59:19,266 | INFO | Done | Skipped: 0 | Failed: 20485
2026-05-06 22:59:19,279 | INFO | Processed manifest saved → output/manifest_processed.csv
2026-05-06 22:59:19,283 | INFO | Stage [preprocess] done in 25.2s
2026-05-06 22:59:19,283 | INFO | 
============================================================
2026-05-06 22:59:19,284 | INFO |   STAGE: SPLIT
2026-05-06 22:59:19,284 | INFO | ============================================================
2026-05-06 22:59:19,286 | ERROR | Stage [split] FAILED: No columns to parse from file
2026-05-06 22:59:19,286 | ERROR | Fix the error and re-run — completed stages will be skipped
2026-05-06 23:16:57,130 | INFO | NumExpr defaulting to 8 threads.
2026-05-06 23:17:25,083 | INFO | NumExpr defaulting to 8 threads.
2026-05-06 23:19:59,476 | INFO | NumExpr defaulting to 8 threads.
2026-05-06 23:20:17,603 | INFO | ============================================================
2026-05-06 23:20:17,603 | INFO |    AgroVision MLOps Pipeline Starting
2026-05-06 23:20:17,603 | INFO | ============================================================
2026-05-06 23:20:17,604 | INFO | Stage [ingest] already complete — skipping
2026-05-06 23:20:17,605 | INFO | Stage [validate] already complete — skipping
2026-05-06 23:20:17,605 | INFO | Stage [preprocess] already complete — skipping
2026-05-06 23:20:17,605 | INFO | 
============================================================
2026-05-06 23:20:17,606 | INFO |   STAGE: SPLIT
2026-05-06 23:20:17,606 | INFO | ============================================================
2026-05-06 23:20:17,731 | ERROR | Stage [split] FAILED: No columns to parse from file
2026-05-06 23:20:17,731 | ERROR | Fix the error and re-run — completed stages will be skipped
2026-05-06 23:26:18,567 | INFO | NumExpr defaulting to 8 threads.
2026-05-06 23:26:24,820 | INFO | ============================================================
2026-05-06 23:26:24,820 | INFO |    AgroVision MLOps Pipeline Starting
2026-05-06 23:26:24,820 | INFO | ============================================================
2026-05-06 23:26:24,820 | INFO | Stage [ingest] already complete — skipping
2026-05-06 23:26:24,821 | INFO | Stage [validate] already complete — skipping
2026-05-06 23:26:24,821 | INFO | Stage [preprocess] already complete — skipping
2026-05-06 23:26:24,821 | INFO | 
============================================================
2026-05-06 23:26:24,821 | INFO |   STAGE: SPLIT
2026-05-06 23:26:24,821 | INFO | ============================================================
2026-05-06 23:26:24,822 | ERROR | Stage [split] FAILED: [Errno 2] No such file or directory: 'output/manifest_processed.csv'
2026-05-06 23:26:24,822 | ERROR | Fix the error and re-run — completed stages will be skipped
2026-05-06 23:26:42,166 | INFO | NumExpr defaulting to 8 threads.
2026-05-06 23:26:48,257 | INFO | ============================================================
2026-05-06 23:26:48,257 | INFO |    AgroVision MLOps Pipeline Starting
2026-05-06 23:26:48,258 | INFO | ============================================================
2026-05-06 23:26:48,258 | INFO | Stage [ingest] already complete — skipping
2026-05-06 23:26:48,258 | INFO | Stage [validate] already complete — skipping
2026-05-06 23:26:48,258 | INFO | Stage [preprocess] already complete — skipping
2026-05-06 23:26:48,259 | INFO | 
============================================================
2026-05-06 23:26:48,259 | INFO |   STAGE: SPLIT
2026-05-06 23:26:48,259 | INFO | ============================================================
2026-05-06 23:26:48,260 | ERROR | Stage [split] FAILED: [Errno 2] No such file or directory: 'output/manifest_processed.csv'
2026-05-06 23:26:48,260 | ERROR | Fix the error and re-run — completed stages will be skipped
2026-05-06 23:28:10,472 | INFO | NumExpr defaulting to 8 threads.
2026-05-06 23:28:16,653 | INFO | ============================================================
2026-05-06 23:28:16,654 | INFO |    AgroVision MLOps Pipeline Starting
2026-05-06 23:28:16,654 | INFO | ============================================================
2026-05-06 23:28:16,654 | INFO | Stage [ingest] already complete — skipping
2026-05-06 23:28:16,654 | INFO | Stage [validate] already complete — skipping
2026-05-06 23:28:16,655 | INFO | Stage [preprocess] already complete — skipping
2026-05-06 23:28:16,655 | INFO | 
============================================================
2026-05-06 23:28:16,655 | INFO |   STAGE: SPLIT
2026-05-06 23:28:16,655 | INFO | ============================================================
2026-05-06 23:28:16,656 | ERROR | Stage [split] FAILED: [Errno 2] No such file or directory: 'output/manifest_processed.csv'
2026-05-06 23:28:16,656 | ERROR | Fix the error and re-run — completed stages will be skipped
2026-05-06 23:29:28,475 | INFO | NumExpr defaulting to 8 threads.
2026-05-06 23:29:34,773 | INFO | ============================================================
2026-05-06 23:29:34,773 | INFO |    AgroVision MLOps Pipeline Starting
2026-05-06 23:29:34,773 | INFO | ============================================================
2026-05-06 23:29:34,774 | INFO | 
============================================================
2026-05-06 23:29:34,774 | INFO |   STAGE: INGEST
2026-05-06 23:29:34,774 | INFO | ============================================================
2026-05-06 23:29:34,774 | INFO | Scanning dataset at: /content/drive/MyDrive/DSCI591_Group_2/Raw_Data/CCMT_Dataset
2026-05-06 23:30:14,928 | INFO | Total images : 25169
2026-05-06 23:30:14,930 | INFO | Total classes: 18
2026-05-06 23:30:14,930 | INFO | Manifest saved → output/manifest.csv
2026-05-06 23:30:14,938 | INFO | Stage [ingest] done in 40.2s
2026-05-06 23:30:14,938 | INFO | 
============================================================
2026-05-06 23:30:14,939 | INFO |   STAGE: VALIDATE
2026-05-06 23:30:14,939 | INFO | ============================================================
2026-05-07 04:01:27,682 | INFO | Validation results:
status
ok           24235
duplicate      934
2026-05-07 04:01:27,828 | INFO | Clean images: 24235 / 25169 → output/manifest_clean.csv
2026-05-07 04:01:27,834 | INFO | Stage [validate] done in 16272.9s
2026-05-07 04:01:27,835 | INFO | 
============================================================
2026-05-07 04:01:27,835 | INFO |   STAGE: PREPROCESS
2026-05-07 04:01:27,835 | INFO | ============================================================
2026-05-07 04:08:01,041 | INFO | Done | Skipped: 2615 | Failed: 0
2026-05-07 04:08:01,480 | INFO | Processed manifest saved → output/manifest_processed.csv
2026-05-07 04:08:01,487 | INFO | Stage [preprocess] done in 393.7s
2026-05-07 04:08:01,488 | INFO | 
============================================================
2026-05-07 04:08:01,489 | INFO |   STAGE: SPLIT
2026-05-07 04:08:01,490 | INFO | ============================================================
2026-05-07 04:08:01,524 | INFO | Classes: 18
2026-05-07 04:08:01,632 | INFO | Train 15134 | Val 3243 | Test 3243
2026-05-07 04:08:01,637 | INFO | Stage [split] done in 0.1s
2026-05-07 04:08:01,638 | INFO | 
============================================================
2026-05-07 04:08:01,639 | INFO |   STAGE: TRAIN
2026-05-07 04:08:01,639 | INFO | ============================================================
2026-05-07 04:08:01,772 | INFO | Device: cuda | Classes: 18
2026-05-07 04:08:02,227 | INFO | Loading pretrained weights from Hugging Face hub (timm/efficientnet_b3.ra2_in1k)
2026-05-07 04:08:02,357 | INFO | HTTP Request: HEAD https://huggingface.co/timm/efficientnet_b3.ra2_in1k/resolve/main/model.safetensors "HTTP/1.1 302 Found"
2026-05-07 04:08:02,358 | WARNING | Warning: You are sending unauthenticated requests to the HF Hub. Please set a HF_TOKEN to enable higher rate limits and faster downloads.
2026-05-07 04:08:02,444 | INFO | HTTP Request: GET https://huggingface.co/api/models/timm/efficientnet_b3.ra2_in1k/xet-read-token/0366a75518620e0f2077789202073759f2d61393 "HTTP/1.1 200 OK"
2026-05-07 04:08:04,180 | INFO | [timm/efficientnet_b3.ra2_in1k] Safe alternative available for 'pytorch_model.bin' (as 'model.safetensors'). Loading weights using safetensors.
2026-05-07 04:08:04,228 | INFO | Missing keys (classifier.weight, classifier.bias) discovered while loading pretrained weights. This is expected if model is being adapted.
2026-05-07 04:10:13,737 | INFO | Epoch 01/30 | loss 1.3949 | train 0.694 | val 0.882 | best 0.882
2026-05-07 04:11:53,314 | INFO | Epoch 02/30 | loss 1.0113 | train 0.836 | val 0.896 | best 0.896
2026-05-07 04:13:32,888 | INFO | Epoch 03/30 | loss 0.9212 | train 0.869 | val 0.910 | best 0.910
2026-05-07 04:15:12,041 | INFO | Epoch 04/30 | loss 0.8708 | train 0.893 | val 0.910 | best 0.910
2026-05-07 04:16:50,792 | INFO | Epoch 05/30 | loss 0.8348 | train 0.904 | val 0.916 | best 0.916
2026-05-07 04:18:29,230 | INFO | Epoch 06/30 | loss 0.8038 | train 0.917 | val 0.917 | best 0.917
2026-05-07 04:20:07,329 | INFO | Epoch 07/30 | loss 0.7808 | train 0.924 | val 0.921 | best 0.921
2026-05-07 04:21:45,427 | INFO | Epoch 08/30 | loss 0.7584 | train 0.935 | val 0.926 | best 0.926
2026-05-07 04:23:22,056 | INFO | Epoch 09/30 | loss 0.7438 | train 0.942 | val 0.926 | best 0.926
2026-05-07 04:24:58,509 | INFO | Epoch 10/30 | loss 0.7270 | train 0.945 | val 0.921 | best 0.926
2026-05-07 04:26:34,958 | INFO | Epoch 11/30 | loss 0.7190 | train 0.950 | val 0.932 | best 0.932
2026-05-07 04:28:11,142 | INFO | Epoch 12/30 | loss 0.7007 | train 0.957 | val 0.926 | best 0.932
2026-05-07 04:29:47,480 | INFO | Epoch 13/30 | loss 0.6904 | train 0.960 | val 0.929 | best 0.932
2026-05-07 04:31:23,399 | INFO | Epoch 14/30 | loss 0.6848 | train 0.963 | val 0.926 | best 0.932
2026-05-07 04:32:59,310 | INFO | Epoch 15/30 | loss 0.6697 | train 0.969 | val 0.932 | best 0.932
2026-05-07 04:34:35,417 | INFO | Epoch 16/30 | loss 0.6659 | train 0.969 | val 0.929 | best 0.932
2026-05-07 04:36:11,532 | INFO | Epoch 17/30 | loss 0.6586 | train 0.972 | val 0.933 | best 0.933
2026-05-07 04:37:47,943 | INFO | Epoch 18/30 | loss 0.6486 | train 0.976 | val 0.934 | best 0.934
2026-05-07 04:39:24,166 | INFO | Epoch 19/30 | loss 0.6452 | train 0.978 | val 0.934 | best 0.934
2026-05-07 04:40:59,859 | INFO | Epoch 20/30 | loss 0.6399 | train 0.980 | val 0.939 | best 0.939
2026-05-07 04:42:35,779 | INFO | Epoch 21/30 | loss 0.6297 | train 0.984 | val 0.936 | best 0.939
2026-05-07 04:44:11,355 | INFO | Epoch 22/30 | loss 0.6265 | train 0.986 | val 0.943 | best 0.943
2026-05-07 04:45:47,383 | INFO | Epoch 23/30 | loss 0.6222 | train 0.987 | val 0.939 | best 0.943
2026-05-07 04:47:23,095 | INFO | Epoch 24/30 | loss 0.6204 | train 0.986 | val 0.939 | best 0.943
2026-05-07 04:48:58,748 | INFO | Epoch 25/30 | loss 0.6183 | train 0.988 | val 0.939 | best 0.943
2026-05-07 04:50:34,760 | INFO | Epoch 26/30 | loss 0.6140 | train 0.990 | val 0.942 | best 0.943
2026-05-07 04:52:10,435 | INFO | Epoch 27/30 | loss 0.6122 | train 0.990 | val 0.941 | best 0.943
2026-05-07 04:53:46,395 | INFO | Epoch 28/30 | loss 0.6118 | train 0.990 | val 0.939 | best 0.943
2026-05-07 04:55:22,245 | INFO | Epoch 29/30 | loss 0.6099 | train 0.991 | val 0.941 | best 0.943
2026-05-07 04:56:57,885 | INFO | Epoch 30/30 | loss 0.6103 | train 0.990 | val 0.939 | best 0.943
2026-05-07 04:56:57,885 | INFO | Training complete. Best val accuracy: 0.943
2026-05-07 04:56:57,898 | INFO | Stage [train] done in 2936.3s
2026-05-07 04:56:57,900 | INFO | 
============================================================
2026-05-07 04:56:57,900 | INFO |   STAGE: EVALUATE
2026-05-07 04:56:57,901 | INFO | ============================================================
2026-05-07 04:57:10,487 | INFO | 
                    precision    recall  f1-score   support

       anthracnose      0.950     0.946     0.948       259
  bacterial blight      0.963     0.938     0.950       387
        brown spot      0.916     0.941     0.928       219
     fall armyworm      0.889     0.930     0.909        43
        grasshoper      0.962     1.000     0.981       101
        green mite      0.931     0.980     0.955       152
           gumosis      1.000     0.983     0.991        59
           healthy      0.967     0.981     0.973       206
       leaf beetle      0.993     0.950     0.971       140
       leaf blight      0.851     0.842     0.846       196
         leaf curl      0.855     0.934     0.893        76
        leaf miner      0.966     0.956     0.961       206
         leaf spot      0.880     0.900     0.890       180
            mosaic      0.988     0.970     0.979       165
          red rust      0.992     0.996     0.994       252
septoria leaf spot      0.904     0.936     0.920       343
      streak virus      0.939     0.861     0.899       144
  verticulium wilt      0.886     0.809     0.845       115

          accuracy                          0.938      3243
         macro avg      0.935     0.936     0.935      3243
      weighted avg      0.938     0.938     0.938      3243

2026-05-07 04:57:10,494 | INFO | Report saved → output/evaluation_report.txt
2026-05-07 04:57:10,509 | INFO | Stage [evaluate] done in 12.6s
2026-05-07 04:57:10,511 | INFO | 
============================================================
2026-05-07 04:57:10,511 | INFO |   PIPELINE COMPLETE in 327.6 min
2026-05-07 04:57:10,511 | INFO | ============================================================
